#-----------------------------------------------------------
# Vivado v2015.4 (64-bit)
# SW Build 1412921 on Wed Nov 18 09:43:45 MST 2015
# IP Build 1412160 on Tue Nov 17 13:47:24 MST 2015
# Start of session at: Wed Mar 16 10:23:32 2016
# Process ID: 5992
# Current directory: C:/Users/Jeffry/Dropbox/Proyecto_De_Graduacion/Proyecto_De_Graduacion_2/Proyecto_De_Graduacion/proyecto_vivado_jeffry/sine_cosine_cordic
# Command line: vivado.exe -gui_launcher_event rodinguilauncherevent1160 C:\Users\Jeffry\Dropbox\Proyecto_De_Graduacion\Proyecto_De_Graduacion_2\Proyecto_De_Graduacion\proyecto_vivado_jeffry\sine_cosine_cordic\sine_cosine_cordic.xpr
# Log file: C:/Users/Jeffry/Dropbox/Proyecto_De_Graduacion/Proyecto_De_Graduacion_2/Proyecto_De_Graduacion/proyecto_vivado_jeffry/sine_cosine_cordic/vivado.log
# Journal file: C:/Users/Jeffry/Dropbox/Proyecto_De_Graduacion/Proyecto_De_Graduacion_2/Proyecto_De_Graduacion/proyecto_vivado_jeffry/sine_cosine_cordic\vivado.jou
#-----------------------------------------------------------
start_gui
open_project C:/Users/Jeffry/Dropbox/Proyecto_De_Graduacion/Proyecto_De_Graduacion_2/Proyecto_De_Graduacion/proyecto_vivado_jeffry/sine_cosine_cordic/sine_cosine_cordic.xpr
INFO: [ProjectBase 1-489] The host OS only allows 260 characters in a normal path. The project is stored in a path with more than 80 characters. If you experience issues with IP, Block Designs, or files not being found, please consider moving the project to a location with a shorter path. Alternately consider using the OS subst command to map part of the path to a drive letter.
Current project path is 'C:/Users/Jeffry/Dropbox/Proyecto_De_Graduacion/Proyecto_De_Graduacion_2/Proyecto_De_Graduacion/proyecto_vivado_jeffry/sine_cosine_cordic'
Scanning sources...
Finished scanning sources
INFO: [IP_Flow 19-234] Refreshing IP repositories
INFO: [IP_Flow 19-1704] No user IP repositories specified
INFO: [IP_Flow 19-2313] Loaded Vivado IP repository 'C:/Xilinx/Vivado/2015.4/data/ip'.
ERROR: [Project 1-202] Error writing the XML file 'C:/Users/Jeffry/Dropbox/Proyecto_De_Graduacion/Proyecto_De_Graduacion_2/Proyecto_De_Graduacion/proyecto_vivado_jeffry/sine_cosine_cordic/sine_cosine_cordic.xpr'
ERROR: [Common 17-69] Command failed: ERROR: [Project 1-202] Error writing the XML file 'C:/Users/Jeffry/Dropbox/Proyecto_De_Graduacion/Proyecto_De_Graduacion_2/Proyecto_De_Graduacion/proyecto_vivado_jeffry/sine_cosine_cordic/sine_cosine_cordic.xpr'

set_property source_mgmt_mode DisplayOnly [current_project]
exit
INFO: [Common 17-206] Exiting Vivado at Wed Mar 16 10:24:08 2016...
