\BOOKMARK [1][-]{Indice General.1}{Indice General}{}% 1
\BOOKMARK [0][-]{chapter*.5}{\315ndice de figuras}{}% 2
\BOOKMARK [0][-]{chapter*.6}{\315ndice de tablas}{}% 3
\BOOKMARK [0][-]{chapter*.7}{Revisar}{}% 4
\BOOKMARK [0][-]{chapter.1}{1 Introducci\363n}{}% 5
\BOOKMARK [1][-]{section.1.1}{1.1 Objetivos y estructura del documento}{chapter.1}% 6
\BOOKMARK [0][-]{chapter.2}{2 Marco te\363rico}{}% 7
\BOOKMARK [1][-]{section.2.1}{2.1 Generalidades}{chapter.2}% 8
\BOOKMARK [2][-]{subsection.2.1.1}{2.1.1 Redacci\363n}{section.2.1}% 9
\BOOKMARK [2][-]{subsection.2.1.2}{2.1.2 Ecuaciones}{section.2.1}% 10
\BOOKMARK [2][-]{subsection.2.1.3}{2.1.3 Figuras}{section.2.1}% 11
\BOOKMARK [2][-]{subsection.2.1.4}{2.1.4 Referencias bibliogr\341ficas}{section.2.1}% 12
\BOOKMARK [2][-]{subsection.2.1.5}{2.1.5 Extensi\363n}{section.2.1}% 13
\BOOKMARK [1][-]{section.2.2}{2.2 Sobre esta plantilla LaTeX}{chapter.2}% 14
\BOOKMARK [2][-]{subsection.2.2.1}{2.2.1 Marcar asuntos pendientes}{section.2.2}% 15
\BOOKMARK [2][-]{subsection.2.2.2}{2.2.2 \315ndices}{section.2.2}% 16
\BOOKMARK [0][-]{chapter.3}{3 Soluci\363n propuesta}{}% 17
\BOOKMARK [0][-]{chapter.4}{4 Resultados y an\341lisis}{}% 18
\BOOKMARK [0][-]{chapter.5}{5 Conclusiones}{}% 19
\BOOKMARK [0][-]{appendix.A}{A Demostraci\363n del teorema de Nyquist}{}% 20
