Vivado Simulator 2015.4
Copyright 1986-1999, 2001-2015 Xilinx, Inc. All Rights Reserved.
Running: /opt/Xilinx/Vivado/2015.4/bin/unwrapped/lnx64.o/xelab -wto 8cfbd71f8c2244a4802a4668ad038820 --debug typical --relax --mt 8 -L xil_defaultlib -L unisims_ver -L unimacro_ver -L secureip --snapshot Testbench_Barrel_Shifter_behav xil_defaultlib.Testbench_Barrel_Shifter xil_defaultlib.glbl -log elaborate.log 
Using 8 slave threads.
Starting static elaboration
Completed static elaboration
Starting simulation data flow analysis
Completed simulation data flow analysis
Time Resolution for simulation is 1ps
Compiling module xil_defaultlib.Multiplexer_AC(W=8)
Compiling module xil_defaultlib.Multiplexer_AC(W=26)
Compiling module xil_defaultlib.Multiplexer_AC(W=1)
Compiling module xil_defaultlib.Rotate_Mux_Array(SW=26)
Compiling module xil_defaultlib.shift_mux_array(SW=26,LEVEL=0)
Compiling module xil_defaultlib.shift_mux_array(SW=26,LEVEL=1)
Compiling module xil_defaultlib.shift_mux_array(SW=26,LEVEL=2)
Compiling module xil_defaultlib.shift_mux_array(SW=26,LEVEL=3)
Compiling module xil_defaultlib.shift_mux_array(SW=26,LEVEL=4)
Compiling module xil_defaultlib.shift_mux_array(SW=26)
Compiling module xil_defaultlib.shift_mux_array(SW=26,LEVEL=6)
Compiling module xil_defaultlib.shift_mux_array(SW=26,LEVEL=7)
Compiling module xil_defaultlib.Mux_Array(SW=26,EW=8)
Compiling module xil_defaultlib.RegisterAdd(W=26)
Compiling module xil_defaultlib.Barrel_Shifter(SW=26,EW=8)
Compiling module xil_defaultlib.Testbench_Barrel_Shifter
Compiling module xil_defaultlib.glbl
Built simulation snapshot Testbench_Barrel_Shifter_behav
